This is pdfTeX, Version 3.141592653-2.6-1.40.25 (MiKTeX 24.1) (preloaded format=pdflatex 2024.2.22)  24 FEB 2024 17:57
entering extended mode
 restricted \write18 enabled.
 %&-line parsing enabled.
**./befehle.tex
(befehle.tex
LaTeX2e <2023-11-01> patch level 1
L3 programming layer <2024-02-13>
! Undefined control sequence.
l.14 \lstset
            {literate=%
The control sequence at the end of the top line
of your error message was never \def'ed. If you have
misspelled it (e.g., `\hobx'), type `I' and the correct
spelling (e.g., `I\hbox'). Otherwise just continue,
and I'll forget about whatever was undefined.


! LaTeX Error: Missing \begin{document}.

See the LaTeX manual or LaTeX Companion for explanation.
Type  H <return>  for immediate help.
 ...                                              
                                                  
l.14 \lstset{l
              iterate=%
You're in trouble here.  Try typing  <return>  to proceed.
If that doesn't work, type  X <return>  to quit.

Missing character: There is no l in font nullfont!
Missing character: There is no i in font nullfont!
Missing character: There is no t in font nullfont!
Missing character: There is no e in font nullfont!
Missing character: There is no r in font nullfont!
Missing character: There is no a in font nullfont!
Missing character: There is no t in font nullfont!
Missing character: There is no e in font nullfont!
Missing character: There is no = in font nullfont!
LaTeX Font Info:    Trying to load font information for +cmr on input line 15.
LaTeX Font Info:    No file cmr.fd. on input line 15.

LaTeX Font Warning: Font shape `/cmr/m/n' undefined
(Font)              using `/cmr/m/n' instead on input line 15.

! Corrupted NFSS tables.
wrong@fontshape ...message {Corrupted NFSS tables}
                                                  error@fontshape else let f...
l.15   {Ö
          }{{\"O}}1
This error message was generated by an \errmessage
command, so I can't give any explicit help.
Pretend that you're Hercule Poirot: Examine all clues,
and deduce the truth by order and method.


LaTeX Font Warning: Font shape `/cmr/m/n' undefined
(Font)              using `OT1/cmr/m/n' instead on input line 15.

Missing character: There is no 1 in font nullfont!
Missing character: There is no 1 in font nullfont!
Missing character: There is no 1 in font nullfont!
Missing character: There is no 1 in font nullfont!
Missing character: There is no 1 in font nullfont!
Missing character: There is no 1 in font nullfont!
Missing character: There is no 1 in font nullfont!

Overfull \hbox (40.55562pt too wide) in paragraph at lines 14--23
[]\/cmr/m/n/10 ^^?O[]O
 []


Overfull \hbox (15.00003pt too wide) in paragraph at lines 14--23
[]\/cmr/m/n/10 A[]A
 []


Overfull \hbox (15.00003pt too wide) in paragraph at lines 14--23
[]\/cmr/m/n/10 U[]U
 []


Overfull \hbox (10.00003pt too wide) in paragraph at lines 14--23
\/cmr/m/n/10 ^^Y^^Y
 []


Overfull \hbox (11.11115pt too wide) in paragraph at lines 14--23
\/cmr/m/n/10 ^^?u^^?u
 []


Overfull \hbox (10.00003pt too wide) in paragraph at lines 14--23
\/cmr/m/n/10 ^^?a^^?a
 []


Overfull \hbox (10.00003pt too wide) in paragraph at lines 14--23
\/cmr/m/n/10 ^^?o^^?o
 []

)
! Emergency stop.
<*> ./befehle.tex
                 
*** (job aborted, no legal \end found)

 
Here is how much of TeX's memory you used:
 53 strings out of 474461
 843 string characters out of 5742862
 1924998 words of memory out of 5000000
 22464 multiletter control sequences out of 15000+600000
 558069 words of font info for 36 fonts, out of 8000000 for 9000
 1141 hyphenation exceptions out of 8191
 23i,1n,32p,127b,98s stack positions out of 10000i,1000n,20000p,200000b,200000s
!  ==> Fatal error occurred, no output PDF file produced!
